<?xml version="1.0" encoding="UTF-8"?>
<testsuite xmlns:xsi="http://www.w3.org/2001/XMLSchema-instance" xsi:noNamespaceSchemaLocation="https://maven.apache.org/surefire/maven-surefire-plugin/xsd/surefire-test-report-3.0.xsd" version="3.0" name="TestSuite" time="40.27" tests="2" errors="0" skipped="0" failures="0">
  <properties>
[...]
</properties>
  <testcase name="buyingTwoIdenticalPairs" classname="com.bay.ta.tests.FilterTests" time="18.187">
    <system-out><![CDATA[[&amp#27;[34mINFO&amp#27;[0;39m] Using chromedriver 108.0.5359.71 (resolved driver for Chrome 108)
[&amp#27;[34mINFO&amp#27;[0;39m] Exporting webdriver.chrome.driver as C:\Users\bayig\.cache\selenium\chromedriver\win32\108.0.5359.71\chromedriver.exe
2022-12-14 17:50:14,007 INFO  [buyingTwoIdenticalPairs@null] com.bay.ta.page.ShoesPage.openPage(ShoesPage.java:28) open success
2022-12-14 17:50:20,790 INFO  [buyingTwoIdenticalPairs@null] com.bay.ta.page.ShoesPage.chooseTheFirstPair(ShoesPage.java:36) choose success
2022-12-14 17:50:21,197 INFO  [buyingTwoIdenticalPairs@null] com.bay.ta.page.ProductPage.addToBag(ProductPage.java:36) Successful sizing
2022-12-14 17:50:22,974 INFO  [buyingTwoIdenticalPairs@null] com.bay.ta.page.ProductPage.addToBag(ProductPage.java:42) Element add success
]]></system-out>
    <system-err><![CDATA[Starting ChromeDriver 108.0.5359.71 (1e0e3868ee06e91ad636a874420e3ca3ae3756ac-refs/branch-heads/5359@{#1016}) on port 26088
Only local connections are allowed.
Please see https://chromedriver.chromium.org/security-considerations for suggestions on keeping ChromeDriver safe.
ChromeDriver was started successfully.
дек. 14, 2022 5:50:04 PM org.openqa.selenium.devtools.CdpVersionFinder findNearestMatch
WARNING: Unable to find an exact match for CDP version 108, so returning the closest version found: 107
]]></system-err>
  </testcase>
  <testcase name="buyingTwoIdenticalPairs" classname="com.bay.ta.tests.ShoppingTests" time="12.898">
    <system-out><![CDATA[[&amp#27;[34mINFO&amp#27;[0;39m] Using chromedriver 108.0.5359.71 (resolved driver for Chrome 108)
[&amp#27;[34mINFO&amp#27;[0;39m] Exporting webdriver.chrome.driver as C:\Users\bayig\.cache\selenium\chromedriver\win32\108.0.5359.71\chromedriver.exe
2022-12-14 17:50:33,230 INFO  [buyingTwoIdenticalPairs@null] com.bay.ta.page.ShoesPage.openPage(ShoesPage.java:28) open success
2022-12-14 17:50:38,530 INFO  [buyingTwoIdenticalPairs@null] com.bay.ta.page.ShoesPage.chooseTheFirstPair(ShoesPage.java:36) choose success
2022-12-14 17:50:38,832 INFO  [buyingTwoIdenticalPairs@null] com.bay.ta.page.ProductPage.addToBag(ProductPage.java:36) Successful sizing
2022-12-14 17:50:39,112 INFO  [buyingTwoIdenticalPairs@null] com.bay.ta.page.ProductPage.addToBag(ProductPage.java:42) Element add success
]]></system-out>
    <system-err><![CDATA[Starting ChromeDriver 108.0.5359.71 (1e0e3868ee06e91ad636a874420e3ca3ae3756ac-refs/branch-heads/5359@{#1016}) on port 18253
Only local connections are allowed.
Please see https://chromedriver.chromium.org/security-considerations for suggestions on keeping ChromeDriver safe.
ChromeDriver was started successfully.
дек. 14, 2022 5:50:26 PM org.openqa.selenium.devtools.CdpVersionFinder findNearestMatch
WARNING: Unable to find an exact match for CDP version 108, so returning the closest version found: 107
]]></system-err>
  </testcase>
</testsuite>